<?xml version="1.0" encoding="UTF-8"?>
<!-- Generated by org.testng.reporters.JUnitXMLReporter -->
<testsuite ignored="0" hostname="LAPTOP-IF83LQNQ" failures="0" tests="18" name="Test" time="331.241" errors="0" timestamp="2023-04-04T14:11:57 IST">
  <testcase classname="Main.Actual" name="testErrorData" time="9.334"/>
  <testcase classname="Main.Actual" name="testErrorData" time="3.764"/>
  <testcase classname="Main.Actual" name="testErrorData" time="3.809"/>
  <testcase classname="Main.Actual" name="testErrorData" time="3.667"/>
  <testcase classname="Main.Actual" name="testErrorData" time="3.647"/>
  <testcase classname="Main.Actual" name="testFacebook" time="8.304"/>
  <testcase classname="Main.Actual" name="testForgotPass" time="4.049"/>
  <testcase classname="Main.Actual" name="testInvalidData" time="3.125"/>
  <testcase classname="Main.Actual" name="testInvalidData" time="3.268"/>
  <testcase classname="Main.Actual" name="testInvalidData" time="3.494"/>
  <testcase classname="Main.Actual" name="testInvalidData" time="3.638"/>
  <testcase classname="Main.Actual" name="testLinkedin" time="6.55"/>
  <testcase classname="Main.Actual" name="testLogo" time="2.056"/>
  <testcase classname="Main.Actual" name="testOfficialSite" time="9.968"/>
  <testcase classname="Main.Actual" name="testTwitter" time="9.49"/>
  <testcase classname="Main.Actual" name="testUtube" time="14.086"/>
  <testcase classname="Main.Actual" name="testValidData" time="10.842"/>
  <testcase classname="Main.Actual" name="testValidData" time="9.918"/>
</testsuite> <!-- Test -->
