<?xml version="1.0" encoding="UTF-8"?>
<testng-results ignored="0" total="18" passed="18" failed="0" skipped="0">
  <reporter-output>
  </reporter-output>
  <suite started-at="2023-04-04T14:06:25 IST" name="Suite" finished-at="2023-04-04T14:11:56 IST" duration-ms="331241">
    <groups>
    </groups>
    <test started-at="2023-04-04T14:06:25 IST" name="Test" finished-at="2023-04-04T14:11:56 IST" duration-ms="331241">
      <class name="Main.Actual">
        <test-method is-config="true" signature="launchApp()[pri:0, instance:Main.Actual@70f02c32]" started-at="2023-04-04T14:06:26 IST" name="launchApp" finished-at="2023-04-04T14:06:52 IST" duration-ms="26040" status="PASS">
          <reporter-output>
          </reporter-output>
        </test-method> <!-- launchApp -->
        <test-method signature="testErrorData(java.util.HashMap)[pri:0, instance:Main.Actual@70f02c32]" started-at="2023-04-04T14:06:52 IST" name="testErrorData" data-provider="geterrordata" finished-at="2023-04-04T14:07:02 IST" duration-ms="9334" status="PASS">
          <params>
            <param index="0">
              <value>
                <![CDATA[{password=, username=}]]>
              </value>
            </param>
          </params>
          <reporter-output>
          </reporter-output>
        </test-method> <!-- testErrorData -->
        <test-method is-config="true" signature="quit()[pri:0, instance:Main.Actual@70f02c32]" started-at="2023-04-04T14:07:02 IST" name="quit" finished-at="2023-04-04T14:07:04 IST" duration-ms="2737" status="PASS">
          <reporter-output>
          </reporter-output>
        </test-method> <!-- quit -->
        <test-method is-config="true" signature="launchApp()[pri:0, instance:Main.Actual@70f02c32]" started-at="2023-04-04T14:07:04 IST" name="launchApp" finished-at="2023-04-04T14:07:13 IST" duration-ms="8430" status="PASS">
          <reporter-output>
          </reporter-output>
        </test-method> <!-- launchApp -->
        <test-method signature="testErrorData(java.util.HashMap)[pri:0, instance:Main.Actual@70f02c32]" started-at="2023-04-04T14:07:13 IST" name="testErrorData" data-provider="geterrordata" finished-at="2023-04-04T14:07:17 IST" duration-ms="3764" status="PASS">
          <params>
            <param index="0">
              <value>
                <![CDATA[{password=, username=Admin}]]>
              </value>
            </param>
          </params>
          <reporter-output>
          </reporter-output>
        </test-method> <!-- testErrorData -->
        <test-method is-config="true" signature="quit()[pri:0, instance:Main.Actual@70f02c32]" started-at="2023-04-04T14:07:17 IST" name="quit" finished-at="2023-04-04T14:07:17 IST" duration-ms="526" status="PASS">
          <reporter-output>
          </reporter-output>
        </test-method> <!-- quit -->
        <test-method is-config="true" signature="launchApp()[pri:0, instance:Main.Actual@70f02c32]" started-at="2023-04-04T14:07:17 IST" name="launchApp" finished-at="2023-04-04T14:07:25 IST" duration-ms="7749" status="PASS">
          <reporter-output>
          </reporter-output>
        </test-method> <!-- launchApp -->
        <test-method signature="testErrorData(java.util.HashMap)[pri:0, instance:Main.Actual@70f02c32]" started-at="2023-04-04T14:07:25 IST" name="testErrorData" data-provider="geterrordata" finished-at="2023-04-04T14:07:29 IST" duration-ms="3809" status="PASS">
          <params>
            <param index="0">
              <value>
                <![CDATA[{password=admin123, username=}]]>
              </value>
            </param>
          </params>
          <reporter-output>
          </reporter-output>
        </test-method> <!-- testErrorData -->
        <test-method is-config="true" signature="quit()[pri:0, instance:Main.Actual@70f02c32]" started-at="2023-04-04T14:07:29 IST" name="quit" finished-at="2023-04-04T14:07:29 IST" duration-ms="438" status="PASS">
          <reporter-output>
          </reporter-output>
        </test-method> <!-- quit -->
        <test-method is-config="true" signature="launchApp()[pri:0, instance:Main.Actual@70f02c32]" started-at="2023-04-04T14:07:29 IST" name="launchApp" finished-at="2023-04-04T14:07:37 IST" duration-ms="7643" status="PASS">
          <reporter-output>
          </reporter-output>
        </test-method> <!-- launchApp -->
        <test-method signature="testErrorData(java.util.HashMap)[pri:0, instance:Main.Actual@70f02c32]" started-at="2023-04-04T14:07:37 IST" name="testErrorData" data-provider="geterrordata" finished-at="2023-04-04T14:07:40 IST" duration-ms="3667" status="PASS">
          <params>
            <param index="0">
              <value>
                <![CDATA[{password=, username=vicky}]]>
              </value>
            </param>
          </params>
          <reporter-output>
          </reporter-output>
        </test-method> <!-- testErrorData -->
        <test-method is-config="true" signature="quit()[pri:0, instance:Main.Actual@70f02c32]" started-at="2023-04-04T14:07:40 IST" name="quit" finished-at="2023-04-04T14:07:41 IST" duration-ms="491" status="PASS">
          <reporter-output>
          </reporter-output>
        </test-method> <!-- quit -->
        <test-method is-config="true" signature="launchApp()[pri:0, instance:Main.Actual@70f02c32]" started-at="2023-04-04T14:07:41 IST" name="launchApp" finished-at="2023-04-04T14:07:48 IST" duration-ms="7051" status="PASS">
          <reporter-output>
          </reporter-output>
        </test-method> <!-- launchApp -->
        <test-method signature="testErrorData(java.util.HashMap)[pri:0, instance:Main.Actual@70f02c32]" started-at="2023-04-04T14:07:48 IST" name="testErrorData" data-provider="geterrordata" finished-at="2023-04-04T14:07:52 IST" duration-ms="3647" status="PASS">
          <params>
            <param index="0">
              <value>
                <![CDATA[{password=vickkyyy, username=}]]>
              </value>
            </param>
          </params>
          <reporter-output>
          </reporter-output>
        </test-method> <!-- testErrorData -->
        <test-method is-config="true" signature="quit()[pri:0, instance:Main.Actual@70f02c32]" started-at="2023-04-04T14:07:52 IST" name="quit" finished-at="2023-04-04T14:07:52 IST" duration-ms="506" status="PASS">
          <reporter-output>
          </reporter-output>
        </test-method> <!-- quit -->
        <test-method is-config="true" signature="launchApp()[pri:0, instance:Main.Actual@70f02c32]" started-at="2023-04-04T14:07:52 IST" name="launchApp" finished-at="2023-04-04T14:08:00 IST" duration-ms="7550" status="PASS">
          <reporter-output>
          </reporter-output>
        </test-method> <!-- launchApp -->
        <test-method signature="testFacebook()[pri:0, instance:Main.Actual@70f02c32]" started-at="2023-04-04T14:08:00 IST" name="testFacebook" finished-at="2023-04-04T14:08:08 IST" duration-ms="8304" status="PASS">
          <reporter-output>
          </reporter-output>
        </test-method> <!-- testFacebook -->
        <test-method is-config="true" signature="quit()[pri:0, instance:Main.Actual@70f02c32]" started-at="2023-04-04T14:08:08 IST" name="quit" finished-at="2023-04-04T14:08:09 IST" duration-ms="786" status="PASS">
          <reporter-output>
          </reporter-output>
        </test-method> <!-- quit -->
        <test-method is-config="true" signature="launchApp()[pri:0, instance:Main.Actual@70f02c32]" started-at="2023-04-04T14:08:09 IST" name="launchApp" finished-at="2023-04-04T14:08:19 IST" duration-ms="10557" status="PASS">
          <reporter-output>
          </reporter-output>
        </test-method> <!-- launchApp -->
        <test-method signature="testForgotPass()[pri:0, instance:Main.Actual@70f02c32]" started-at="2023-04-04T14:08:19 IST" name="testForgotPass" finished-at="2023-04-04T14:08:23 IST" duration-ms="4049" status="PASS">
          <reporter-output>
          </reporter-output>
        </test-method> <!-- testForgotPass -->
        <test-method is-config="true" signature="quit()[pri:0, instance:Main.Actual@70f02c32]" started-at="2023-04-04T14:08:23 IST" name="quit" finished-at="2023-04-04T14:08:24 IST" duration-ms="422" status="PASS">
          <reporter-output>
          </reporter-output>
        </test-method> <!-- quit -->
        <test-method is-config="true" signature="launchApp()[pri:0, instance:Main.Actual@70f02c32]" started-at="2023-04-04T14:08:24 IST" name="launchApp" finished-at="2023-04-04T14:08:30 IST" duration-ms="6544" status="PASS">
          <reporter-output>
          </reporter-output>
        </test-method> <!-- launchApp -->
        <test-method signature="testInvalidData(java.util.HashMap)[pri:0, instance:Main.Actual@70f02c32]" started-at="2023-04-04T14:08:30 IST" name="testInvalidData" data-provider="getinvaliddata" finished-at="2023-04-04T14:08:34 IST" duration-ms="3125" status="PASS">
          <params>
            <param index="0">
              <value>
                <![CDATA[{password=vickkyyy, username=vicky}]]>
              </value>
            </param>
          </params>
          <reporter-output>
          </reporter-output>
        </test-method> <!-- testInvalidData -->
        <test-method is-config="true" signature="quit()[pri:0, instance:Main.Actual@70f02c32]" started-at="2023-04-04T14:08:34 IST" name="quit" finished-at="2023-04-04T14:08:34 IST" duration-ms="479" status="PASS">
          <reporter-output>
          </reporter-output>
        </test-method> <!-- quit -->
        <test-method is-config="true" signature="launchApp()[pri:0, instance:Main.Actual@70f02c32]" started-at="2023-04-04T14:08:34 IST" name="launchApp" finished-at="2023-04-04T14:08:41 IST" duration-ms="6565" status="PASS">
          <reporter-output>
          </reporter-output>
        </test-method> <!-- launchApp -->
        <test-method signature="testInvalidData(java.util.HashMap)[pri:0, instance:Main.Actual@70f02c32]" started-at="2023-04-04T14:08:41 IST" name="testInvalidData" data-provider="getinvaliddata" finished-at="2023-04-04T14:08:44 IST" duration-ms="3268" status="PASS">
          <params>
            <param index="0">
              <value>
                <![CDATA[{password=vickkyyy, username=Admin}]]>
              </value>
            </param>
          </params>
          <reporter-output>
          </reporter-output>
        </test-method> <!-- testInvalidData -->
        <test-method is-config="true" signature="quit()[pri:0, instance:Main.Actual@70f02c32]" started-at="2023-04-04T14:08:44 IST" name="quit" finished-at="2023-04-04T14:08:44 IST" duration-ms="513" status="PASS">
          <reporter-output>
          </reporter-output>
        </test-method> <!-- quit -->
        <test-method is-config="true" signature="launchApp()[pri:0, instance:Main.Actual@70f02c32]" started-at="2023-04-04T14:08:44 IST" name="launchApp" finished-at="2023-04-04T14:08:52 IST" duration-ms="7676" status="PASS">
          <reporter-output>
          </reporter-output>
        </test-method> <!-- launchApp -->
        <test-method signature="testInvalidData(java.util.HashMap)[pri:0, instance:Main.Actual@70f02c32]" started-at="2023-04-04T14:08:52 IST" name="testInvalidData" data-provider="getinvaliddata" finished-at="2023-04-04T14:08:56 IST" duration-ms="3494" status="PASS">
          <params>
            <param index="0">
              <value>
                <![CDATA[{password=admin123, username=vicky}]]>
              </value>
            </param>
          </params>
          <reporter-output>
          </reporter-output>
        </test-method> <!-- testInvalidData -->
        <test-method is-config="true" signature="quit()[pri:0, instance:Main.Actual@70f02c32]" started-at="2023-04-04T14:08:56 IST" name="quit" finished-at="2023-04-04T14:08:56 IST" duration-ms="542" status="PASS">
          <reporter-output>
          </reporter-output>
        </test-method> <!-- quit -->
        <test-method is-config="true" signature="launchApp()[pri:0, instance:Main.Actual@70f02c32]" started-at="2023-04-04T14:08:56 IST" name="launchApp" finished-at="2023-04-04T14:09:03 IST" duration-ms="6755" status="PASS">
          <reporter-output>
          </reporter-output>
        </test-method> <!-- launchApp -->
        <test-method signature="testInvalidData(java.util.HashMap)[pri:0, instance:Main.Actual@70f02c32]" started-at="2023-04-04T14:09:03 IST" name="testInvalidData" data-provider="getinvaliddata" finished-at="2023-04-04T14:09:07 IST" duration-ms="3638" status="PASS">
          <params>
            <param index="0">
              <value>
                <![CDATA[{password=Admin123, username=Admin}]]>
              </value>
            </param>
          </params>
          <reporter-output>
          </reporter-output>
        </test-method> <!-- testInvalidData -->
        <test-method is-config="true" signature="quit()[pri:0, instance:Main.Actual@70f02c32]" started-at="2023-04-04T14:09:07 IST" name="quit" finished-at="2023-04-04T14:09:07 IST" duration-ms="475" status="PASS">
          <reporter-output>
          </reporter-output>
        </test-method> <!-- quit -->
        <test-method is-config="true" signature="launchApp()[pri:0, instance:Main.Actual@70f02c32]" started-at="2023-04-04T14:09:07 IST" name="launchApp" finished-at="2023-04-04T14:09:14 IST" duration-ms="6765" status="PASS">
          <reporter-output>
          </reporter-output>
        </test-method> <!-- launchApp -->
        <test-method signature="testLinkedin()[pri:0, instance:Main.Actual@70f02c32]" started-at="2023-04-04T14:09:14 IST" name="testLinkedin" finished-at="2023-04-04T14:09:20 IST" duration-ms="6550" status="PASS">
          <reporter-output>
          </reporter-output>
        </test-method> <!-- testLinkedin -->
        <test-method is-config="true" signature="quit()[pri:0, instance:Main.Actual@70f02c32]" started-at="2023-04-04T14:09:20 IST" name="quit" finished-at="2023-04-04T14:09:22 IST" duration-ms="1974" status="PASS">
          <reporter-output>
          </reporter-output>
        </test-method> <!-- quit -->
        <test-method is-config="true" signature="launchApp()[pri:0, instance:Main.Actual@70f02c32]" started-at="2023-04-04T14:09:22 IST" name="launchApp" finished-at="2023-04-04T14:10:00 IST" duration-ms="37993" status="PASS">
          <reporter-output>
          </reporter-output>
        </test-method> <!-- launchApp -->
        <test-method signature="testLogo()[pri:0, instance:Main.Actual@70f02c32]" started-at="2023-04-04T14:10:00 IST" name="testLogo" finished-at="2023-04-04T14:10:02 IST" duration-ms="2056" status="PASS">
          <reporter-output>
          </reporter-output>
        </test-method> <!-- testLogo -->
        <test-method is-config="true" signature="quit()[pri:0, instance:Main.Actual@70f02c32]" started-at="2023-04-04T14:10:02 IST" name="quit" finished-at="2023-04-04T14:10:03 IST" duration-ms="647" status="PASS">
          <reporter-output>
          </reporter-output>
        </test-method> <!-- quit -->
        <test-method is-config="true" signature="launchApp()[pri:0, instance:Main.Actual@70f02c32]" started-at="2023-04-04T14:10:03 IST" name="launchApp" finished-at="2023-04-04T14:10:09 IST" duration-ms="6361" status="PASS">
          <reporter-output>
          </reporter-output>
        </test-method> <!-- launchApp -->
        <test-method signature="testOfficialSite()[pri:0, instance:Main.Actual@70f02c32]" started-at="2023-04-04T14:10:09 IST" name="testOfficialSite" finished-at="2023-04-04T14:10:19 IST" duration-ms="9968" status="PASS">
          <reporter-output>
          </reporter-output>
        </test-method> <!-- testOfficialSite -->
        <test-method is-config="true" signature="quit()[pri:0, instance:Main.Actual@70f02c32]" started-at="2023-04-04T14:10:19 IST" name="quit" finished-at="2023-04-04T14:10:22 IST" duration-ms="2535" status="PASS">
          <reporter-output>
          </reporter-output>
        </test-method> <!-- quit -->
        <test-method is-config="true" signature="launchApp()[pri:0, instance:Main.Actual@70f02c32]" started-at="2023-04-04T14:10:22 IST" name="launchApp" finished-at="2023-04-04T14:10:31 IST" duration-ms="8687" status="PASS">
          <reporter-output>
          </reporter-output>
        </test-method> <!-- launchApp -->
        <test-method signature="testTwitter()[pri:0, instance:Main.Actual@70f02c32]" started-at="2023-04-04T14:10:31 IST" name="testTwitter" finished-at="2023-04-04T14:10:40 IST" duration-ms="9490" status="PASS">
          <reporter-output>
          </reporter-output>
        </test-method> <!-- testTwitter -->
        <test-method is-config="true" signature="quit()[pri:0, instance:Main.Actual@70f02c32]" started-at="2023-04-04T14:10:40 IST" name="quit" finished-at="2023-04-04T14:10:44 IST" duration-ms="4349" status="PASS">
          <reporter-output>
          </reporter-output>
        </test-method> <!-- quit -->
        <test-method is-config="true" signature="launchApp()[pri:0, instance:Main.Actual@70f02c32]" started-at="2023-04-04T14:10:44 IST" name="launchApp" finished-at="2023-04-04T14:10:51 IST" duration-ms="6644" status="PASS">
          <reporter-output>
          </reporter-output>
        </test-method> <!-- launchApp -->
        <test-method signature="testUtube()[pri:0, instance:Main.Actual@70f02c32]" started-at="2023-04-04T14:10:51 IST" name="testUtube" finished-at="2023-04-04T14:11:05 IST" duration-ms="14086" status="PASS">
          <reporter-output>
          </reporter-output>
        </test-method> <!-- testUtube -->
        <test-method is-config="true" signature="quit()[pri:0, instance:Main.Actual@70f02c32]" started-at="2023-04-04T14:11:05 IST" name="quit" finished-at="2023-04-04T14:11:08 IST" duration-ms="2783" status="PASS">
          <reporter-output>
          </reporter-output>
        </test-method> <!-- quit -->
        <test-method is-config="true" signature="launchApp()[pri:0, instance:Main.Actual@70f02c32]" started-at="2023-04-04T14:11:08 IST" name="launchApp" finished-at="2023-04-04T14:11:25 IST" duration-ms="16985" status="PASS">
          <reporter-output>
          </reporter-output>
        </test-method> <!-- launchApp -->
        <test-method signature="testValidData(java.util.HashMap)[pri:0, instance:Main.Actual@70f02c32]" started-at="2023-04-04T14:11:25 IST" name="testValidData" data-provider="getvaliddata" finished-at="2023-04-04T14:11:36 IST" duration-ms="10842" status="PASS">
          <params>
            <param index="0">
              <value>
                <![CDATA[{password=admin123, username=Admin}]]>
              </value>
            </param>
          </params>
          <reporter-output>
          </reporter-output>
        </test-method> <!-- testValidData -->
        <test-method is-config="true" signature="quit()[pri:0, instance:Main.Actual@70f02c32]" started-at="2023-04-04T14:11:36 IST" name="quit" finished-at="2023-04-04T14:11:36 IST" duration-ms="552" status="PASS">
          <reporter-output>
          </reporter-output>
        </test-method> <!-- quit -->
        <test-method is-config="true" signature="launchApp()[pri:0, instance:Main.Actual@70f02c32]" started-at="2023-04-04T14:11:36 IST" name="launchApp" finished-at="2023-04-04T14:11:46 IST" duration-ms="9728" status="PASS">
          <reporter-output>
          </reporter-output>
        </test-method> <!-- launchApp -->
        <test-method signature="testValidData(java.util.HashMap)[pri:0, instance:Main.Actual@70f02c32]" started-at="2023-04-04T14:11:46 IST" name="testValidData" data-provider="getvaliddata" finished-at="2023-04-04T14:11:56 IST" duration-ms="9918" status="PASS">
          <params>
            <param index="0">
              <value>
                <![CDATA[{password=admin123, username=admin}]]>
              </value>
            </param>
          </params>
          <reporter-output>
          </reporter-output>
        </test-method> <!-- testValidData -->
        <test-method is-config="true" signature="quit()[pri:0, instance:Main.Actual@70f02c32]" started-at="2023-04-04T14:11:56 IST" name="quit" finished-at="2023-04-04T14:11:56 IST" duration-ms="458" status="PASS">
          <reporter-output>
          </reporter-output>
        </test-method> <!-- quit -->
      </class> <!-- Main.Actual -->
    </test> <!-- Test -->
  </suite> <!-- Suite -->
</testng-results>
